2023-08-28 19:44:13.500 [info] Added views:workbench.panel.markers.view in workbench.panel.markers
2023-08-28 19:44:13.500 [info] Added views:workbench.panel.output in workbench.panel.output
2023-08-28 19:44:13.500 [info] Added views:terminal in terminal
2023-08-28 19:44:13.500 [info] Added views:outline in workbench.view.explorer
2023-08-28 19:44:13.500 [info] Added views:workbench.scm in workbench.view.scm
2023-08-28 19:44:13.500 [info] Added views:workbench.view.search in workbench.view.search
2023-08-28 19:44:13.500 [info] Added views:timeline in workbench.view.explorer
2023-08-28 19:44:13.500 [info] Added views:workbench.explorer.emptyView in workbench.view.explorer
2023-08-28 19:44:16.965 [info] Added views:workbench.debug.welcome in workbench.view.debug
2023-08-28 19:44:17.443 [info] Added views:workbench.panel.repl.view in workbench.panel.repl
2023-08-28 19:44:41.393 [info] Added views:workbench.panel.markers.view in workbench.panel.markers
2023-08-28 19:44:41.393 [info] Added views:workbench.panel.output in workbench.panel.output
2023-08-28 19:44:41.393 [info] Added views:terminal in terminal
2023-08-28 19:44:41.393 [info] Added views:outline in workbench.view.explorer
2023-08-28 19:44:41.393 [info] Added views:workbench.scm in workbench.view.scm
2023-08-28 19:44:41.393 [info] Added views:workbench.view.search in workbench.view.search
2023-08-28 19:44:41.393 [info] Added views:timeline in workbench.view.explorer
2023-08-28 19:44:41.393 [info] Added views:workbench.explorer.fileView in workbench.view.explorer
2023-08-28 19:44:41.769 [info] Added views:workbench.debug.welcome in workbench.view.debug
2023-08-28 19:44:41.893 [info] Added views:workbench.panel.repl.view in workbench.panel.repl
